<?xml version="1.0" encoding="UTF-8"?>
<!-- Generated by org.testng.reporters.JUnitReportReporter -->
<testsuite skipped="0" hostname="ELF-34-LavanyaH" name="Advanced_selenium.working_with_innvocationamandthreadpoolsize" tests="10" failures="0" timestamp="10 Jun 2022 12:32:06 GMT" time="187.041" errors="0">
  <testcase name="LoginTestCase" time="19.476" classname="Advanced_selenium.working_with_innvocationamandthreadpoolsize"/>
  <testcase name="LoginTestCase" time="20.074" classname="Advanced_selenium.working_with_innvocationamandthreadpoolsize"/>
  <testcase name="LoginTestCase" time="17.595" classname="Advanced_selenium.working_with_innvocationamandthreadpoolsize"/>
  <testcase name="LoginTestCase" time="16.804" classname="Advanced_selenium.working_with_innvocationamandthreadpoolsize"/>
  <testcase name="LoginTestCase" time="18.934" classname="Advanced_selenium.working_with_innvocationamandthreadpoolsize"/>
  <testcase name="LoginTestCase" time="19.310" classname="Advanced_selenium.working_with_innvocationamandthreadpoolsize"/>
  <testcase name="LoginTestCase" time="17.415" classname="Advanced_selenium.working_with_innvocationamandthreadpoolsize"/>
  <testcase name="LoginTestCase" time="23.429" classname="Advanced_selenium.working_with_innvocationamandthreadpoolsize"/>
  <testcase name="LoginTestCase" time="19.111" classname="Advanced_selenium.working_with_innvocationamandthreadpoolsize"/>
  <testcase name="LoginTestCase" time="14.893" classname="Advanced_selenium.working_with_innvocationamandthreadpoolsize"/>
</testsuite> <!-- Advanced_selenium.working_with_innvocationamandthreadpoolsize -->
