<?xml version="1.0" encoding="UTF-8"?>
<!-- Generated by org.testng.reporters.JUnitReportReporter -->
<testsuite skipped="0" hostname="ELF-34-LavanyaH" name="Advanced_selenium.testCase1" tests="2" failures="0" timestamp="10 Jun 2022 09:30:32 GMT" time="11.490" errors="0">
  <testcase name="LoginTestCase" time="11.488" classname="Advanced_selenium.testCase1"/>
  <testcase name="demo1" time="0.002" classname="Advanced_selenium.testCase1"/>
</testsuite> <!-- Advanced_selenium.testCase1 -->
