<?xml version="1.0" encoding="UTF-8"?>
<!-- Generated by org.testng.reporters.JUnitReportReporter -->
<testsuite skipped="0" hostname="ELF-34-LavanyaH" name="Advanced_selenium.Data_provider" tests="3" failures="0" timestamp="10 Jun 2022 09:30:32 GMT" time="0.004" errors="0">
  <testcase name="Logintestcase" time="0.002" classname="Advanced_selenium.Data_provider"/>
  <testcase name="Logintestcase" time="0.001" classname="Advanced_selenium.Data_provider"/>
  <testcase name="Logintestcase" time="0.001" classname="Advanced_selenium.Data_provider"/>
</testsuite> <!-- Advanced_selenium.Data_provider -->
