<?xml version="1.0" encoding="UTF-8"?>
<!-- Generated by org.testng.reporters.JUnitReportReporter -->
<testsuite skipped="0" hostname="ELF-34-LavanyaH" name="Advanced_selenium.workingwith_xmlfile" tests="1" failures="0" timestamp="10 Jun 2022 12:41:46 GMT" time="0.020" errors="0">
  <testcase name="sports" time="0.020" classname="Advanced_selenium.workingwith_xmlfile"/>
</testsuite> <!-- Advanced_selenium.workingwith_xmlfile -->
