<?xml version="1.0" encoding="UTF-8"?>
<!-- Generated by org.testng.reporters.JUnitReportReporter -->
<testsuite skipped="0" hostname="ELF-34-LavanyaH" name="Advanced_selenium.calling_method_inother_class" tests="4" failures="0" timestamp="10 Jun 2022 09:30:32 GMT" time="0.006" errors="0">
  <testcase name="demo" time="0.001" classname="Advanced_selenium.calling_method_inother_class"/>
  <testcase name="demo" time="0.003" classname="Advanced_selenium.calling_method_inother_class"/>
  <testcase name="demo" time="0.001" classname="Advanced_selenium.calling_method_inother_class"/>
  <testcase name="demo" time="0.001" classname="Advanced_selenium.calling_method_inother_class"/>
</testsuite> <!-- Advanced_selenium.calling_method_inother_class -->
