<?xml version="1.0" encoding="UTF-8"?>
<!-- Generated by org.testng.reporters.JUnitReportReporter -->
<testsuite skipped="0" hostname="ELF-34-LavanyaH" name="Advanced_selenium.configurationAnnotationPractice" tests="1" failures="0" timestamp="10 Jun 2022 09:30:32 GMT" time="0.015" errors="0">
  <testcase name="test" time="0.015" classname="Advanced_selenium.configurationAnnotationPractice"/>
</testsuite> <!-- Advanced_selenium.configurationAnnotationPractice -->
