<?xml version="1.0" encoding="UTF-8"?>
<!-- Generated by org.testng.reporters.JUnitReportReporter -->
<testsuite skipped="0" hostname="ELF-34-LavanyaH" name="Advanced_selenium.Login_dataprovider" tests="3" failures="0" timestamp="10 Jun 2022 09:30:32 GMT" time="30.462" errors="0">
  <testcase name="Login" time="10.126" classname="Advanced_selenium.Login_dataprovider"/>
  <testcase name="Login" time="10.245" classname="Advanced_selenium.Login_dataprovider"/>
  <testcase name="Login" time="10.091" classname="Advanced_selenium.Login_dataprovider"/>
</testsuite> <!-- Advanced_selenium.Login_dataprovider -->
