<?xml version="1.0" encoding="UTF-8"?>
<!-- Generated by org.testng.reporters.JUnitReportReporter -->
<testsuite skipped="0" hostname="ELF-34-LavanyaH" name="Advanced_selenium.TestNG_Practice" tests="2" failures="0" timestamp="10 Jun 2022 09:30:32 GMT" time="0.008" errors="0">
  <testcase name="Demo" time="0.007" classname="Advanced_selenium.TestNG_Practice"/>
  <testcase name="Sample" time="0.001" classname="Advanced_selenium.TestNG_Practice"/>
</testsuite> <!-- Advanced_selenium.TestNG_Practice -->
