<?xml version="1.0" encoding="UTF-8"?>
<!-- Generated by org.testng.reporters.JUnitReportReporter -->
<testsuite skipped="0" hostname="ELF-34-LavanyaH" name="Advanced_selenium.FirefoxTC" tests="1" failures="0" timestamp="10 Jun 2022 11:50:58 GMT" time="0.942" errors="0">
  <testcase name="TC" time="0.942" classname="Advanced_selenium.FirefoxTC"/>
</testsuite> <!-- Advanced_selenium.FirefoxTC -->
