<?xml version="1.0" encoding="UTF-8"?>
<!-- Generated by org.testng.reporters.JUnitReportReporter -->
<testsuite skipped="0" hostname="ELF-34-LavanyaH" name="Advanced_selenium.ReadingPropertyFile" tests="1" failures="0" timestamp="13 Jun 2022 08:05:10 GMT" time="0.010" errors="0">
  <testcase name="readProperty" time="0.010" classname="Advanced_selenium.ReadingPropertyFile"/>
</testsuite> <!-- Advanced_selenium.ReadingPropertyFile -->
